[11:46:03][FINE/CustomNPCs][noppes.npcs.controllers.ScriptController:101] Sat Sep 14 11:46:03 COT 2024
[11:46:03][FINE/CustomNPCs][noppes.npcs.CustomNpcs:246] Script Engines Available:
[11:46:03][FINE/CustomNPCs][noppes.npcs.CustomNpcs:246] ECMAScript: .js
[11:46:03][SEVERE/CustomNPCs][noppes.npcs.CustomNpcs:249] java.lang.NoSuchFieldException: classes
	at java.base/java.lang.Class.getDeclaredField(Class.java:2549)
	at noppes.npcs.ScriptPlayerEventHandler.registerForgeEvents(ScriptPlayerEventHandler.java:311)
	at noppes.npcs.CustomNpcs.setup(CustomNpcs.java:249)
	at net.minecraftforge.eventbus.EventBus.doCastFilter(EventBus.java:247)
	at net.minecraftforge.eventbus.EventBus.lambda$addListener$11(EventBus.java:239)
	at net.minecraftforge.eventbus.EventBus.post(EventBus.java:302)
	at net.minecraftforge.eventbus.EventBus.post(EventBus.java:283)
	at net.minecraftforge.fml.javafmlmod.FMLModContainer.acceptEvent(FMLModContainer.java:106)
	at net.minecraftforge.fml.ModContainer.lambda$buildTransitionHandler$4(ModContainer.java:107)
	at java.base/java.util.concurrent.CompletableFuture$AsyncRun.run(CompletableFuture.java:1800)
	at java.base/java.util.concurrent.CompletableFuture$AsyncRun.exec(CompletableFuture.java:1792)
	at java.base/java.util.concurrent.ForkJoinTask.doExec(ForkJoinTask.java:295)
	at java.base/java.util.concurrent.ForkJoinPool$WorkQueue.topLevelExec(ForkJoinPool.java:1016)
	at java.base/java.util.concurrent.ForkJoinPool.scan(ForkJoinPool.java:1665)
	at java.base/java.util.concurrent.ForkJoinPool.runWorker(ForkJoinPool.java:1598)
	at java.base/java.util.concurrent.ForkJoinWorkerThread.run(ForkJoinWorkerThread.java:183)
