[21:27:51] [Render thread/INFO] [JMLogger] JourneyMap log initialized.
[21:27:51] [Render thread/INFO] [JourneymapClient] initialize ENTER
[21:27:51] [Render thread/INFO] [ClientAPI] [ClientAPI] built with JourneyMap API 1.8-SNAPSHOT
[21:27:51] [Render thread/INFO] [PluginHelper] Initializing plugins with Client API: journeymap.client.api.impl.ClientAPI
[21:27:51] [Render thread/DEBUG] [JourneymapClient] Loading and Generating Journeymap configs
[21:27:51] [Render thread/WARN] [PropertiesBase] core (Initialized) Bad configField entry during updateFrom(): optionsManagerViewed=null
[21:27:51] [Render thread/INFO] [?] Version: JourneyMap 1.16.5-5.8.6, built with Forge 1.16.5-36.2.22
Forge: 36.2.34
Environment: os.name, os.arch, java.version, user.country, user.language=null, game language=en_us, locale=en_us
Features: 
	RadarPlayers : singleplayer = true , multiplayer = true
	RadarAnimals : singleplayer = true , multiplayer = true
	RadarMobs : singleplayer = true , multiplayer = true
	RadarVillagers : singleplayer = true , multiplayer = true
	MapTopo : singleplayer = true , multiplayer = true
	MapSurface : singleplayer = true , multiplayer = true
	MapCaves : singleplayer = true , multiplayer = true
	MapBiome : singleplayer = true , multiplayer = true
MiniMapProperties{state=Valid, file=journeymap.minimap.config, configVersion=5.8.6, zoomLevel=0, compassFontScale=1.0, terrainAlpha=100, showEntityNames=true, positionX=0.9, positionY=0.25, effectVertical=false, showPlayerHeading=true, sizePercent=30, playerDisplayScale=1.0, showDayNight=true, showPets=true, preferredMapType=night, showCompass=true, mobDisplay=jm.common.entity_display.dots, systemTimeRealFormat=HH:mm:ss, shape=jm.minimap.shape_circle, showSelf=true, selfDisplayScale=1.0, showGrid=true, reticleOrientation=jm.minimap.orientation.compass, gameTimeRealFormat=HH:mm:ss, effectTranslateX=-119, showWaypoints=true, minimapKeyMovementSpeed=0.001, showAnimals=true, infoSlotAlpha=0.7, effectTranslateY=0, showWaypointLabels=true, moveEffectIcons=true, position=jm.minimap.position_topright, fontScale=1.0, showPlayers=true, waypointIconScale=1.0, frameAlpha=100, effectReversed=false, backgroundAlpha=0.8, enabled=true, showVillagers=true, info2Label=jm.theme.labelsource.gametime, info3Label=jm.theme.labelsource.location, showMobs=true, waypointLabelScale=1.0, showReticle=true, orientation=jm.minimap.orientation.north, info4Label=jm.theme.labelsource.biome, locationFormat=xzyv, playerDisplay=jm.common.entity_display.dots, mobDisplayScale=1.0, showCaves=true, showMobHeading=true, locationFormatVerbose=true, info1Label=jm.theme.labelsource.blank}
MiniMapProperties{state=Valid, file=journeymap.minimap2.config, configVersion=5.8.6, zoomLevel=0, compassFontScale=1.0, terrainAlpha=100, showEntityNames=true, positionX=0.9, positionY=0.25, effectVertical=false, showPlayerHeading=true, sizePercent=30, playerDisplayScale=1.0, showDayNight=true, showPets=true, preferredMapType=night, showCompass=true, mobDisplay=jm.common.entity_display.dots, systemTimeRealFormat=HH:mm:ss, shape=jm.minimap.shape_rectangle, showSelf=true, selfDisplayScale=1.0, showGrid=true, reticleOrientation=jm.minimap.orientation.compass, gameTimeRealFormat=HH:mm:ss, effectTranslateX=-132, showWaypoints=true, minimapKeyMovementSpeed=0.001, showAnimals=true, infoSlotAlpha=0.7, effectTranslateY=0, showWaypointLabels=true, moveEffectIcons=true, position=jm.minimap.position_topright, fontScale=1.0, showPlayers=true, waypointIconScale=1.0, frameAlpha=100, effectReversed=false, backgroundAlpha=0.8, enabled=true, showVillagers=true, info2Label=jm.theme.labelsource.gametime, info3Label=jm.theme.labelsource.location, showMobs=true, waypointLabelScale=1.0, showReticle=true, orientation=jm.minimap.orientation.north, info4Label=jm.theme.labelsource.biome, locationFormat=xzyv, playerDisplay=jm.common.entity_display.dots, mobDisplayScale=1.0, showCaves=true, showMobHeading=true, locationFormatVerbose=true, info1Label=jm.theme.labelsource.blank}
FullMapProperties{state=Valid, file=journeymap.fullmap.config, configVersion=5.8.6, zoomLevel=0, showPlayers=true, waypointIconScale=1.0, showEntityNames=true, showPlayerHeading=true, showVillagers=true, showPlayerLoc=true, showKeys=true, playerDisplayScale=1.0, showMobs=true, showPets=true, waypointLabelScale=1.0, preferredMapType=day, mobDisplay=jm.common.entity_display.dots, showSelf=true, locationFormat=xzyv, playerDisplay=jm.common.entity_display.dots, mobDisplayScale=1.0, selfDisplayScale=1.0, showGrid=true, showMouseLoc=true, showWaypoints=true, showCaves=true, showAnimals=true, dragScale=1, showMobHeading=true, showWaypointLabels=true, locationFormatVerbose=true, fontScale=1.0}
WaypointProperties{state=Valid, file=journeymap.waypoint.config, configVersion=5.8.6, autoRemoveDeathpointDistance=2, dateFormat=MM-dd-yyyy, autoRemoveDeathpoints=false, fullscreenDoubleClickToCreate=true, managerDimensionFocus=false, minDistance=4, boldLabel=false, textureSmall=true, showDeathpointlabel=true, beaconEnabled=true, createDeathpoints=true, showName=true, disableStrikeThrough=false, maxDistance=0, autoHideLabel=true, autoRemoveTempWaypoints=2, teleportCommand=/tp {name} {x} {y} {z}, showStaticBeam=true, timeFormat=HH:mm:ss, showDeviationLabel=false, showDistance=true, showRotatingBeam=true, fontScale=2.0, showTexture=true, managerEnabled=true}
WebMapProperties{state=Valid, file=journeymap.webmap.config, configVersion=5.8.6, port=8080, enabled=false}
CoreProperties{state=Valid, file=journeymap.core.config, configVersion=5.8.6, verboseColorPalette=false, maxPlayersData=32, mapSurfaceAboveCaves=true, dataCachingEnabled=true, optionsManagerViewed=null, announceMod=true, colorPassive=#bbbbbb, renderOverlayEventTypeName=ALL, mapBlendWater=false, renderDistanceSurfaceMax=0, seedId=false, radarVerticalDistance=16, mapBlendGrass=true, recordCacheStats=false, hideSneakingEntities=true, revealShape=jm.minimap.shape_circle, mapBiome=true, alwaysMapSurface=false, colorVillager=#88e188, mapPlants=false, colorPet=#0077ff, radarLateralDistance=64, mapBathymetry=false, mapCrops=true, maxMobsData=32, mapPlantShadows=false, alwaysMapCaves=false, checkUpdates=true, mapBlendFoliage=true, hideSpectators=false, mappingEnabled=true, colorPlayer=#ffffff, tileHighDisplayQuality=true, cacheVillagersData=2200, logLevel=INFO, maxVillagersData=32, mapWaterBiomeColors=false, maxAnimalsData=32, mapTransparency=true, tileRenderType=1, caveIgnoreGlass=true, mapTopography=true, renderDistanceCaveMax=0, mapAntialiasing=true, colorSelf=#0000ff, cachePlayersData=2000, cacheMobsData=3000, cachePlayerData=1000, splashViewed=5.8.6, colorHostile=#ff0000, cacheAnimalsData=3100, themeName=OceanMonument, mapCaveLighting=true, renderDelay=2, renderOverlayPreEvent=true, glErrorChecking=false, autoMapPoll=2000}
[21:27:52] [Render thread/DEBUG] [EventHandlerManager] Handler registered: journeymap.client.forge.event.KeyEventHandler
[21:27:52] [Render thread/DEBUG] [EventHandlerManager] Handler registered: journeymap.client.forge.event.ChatEventHandler
[21:27:52] [Render thread/DEBUG] [EventHandlerManager] Handler registered: journeymap.client.forge.event.StateTickHandler
[21:27:52] [Render thread/DEBUG] [EventHandlerManager] Handler registered: journeymap.client.forge.event.WorldEventHandler
[21:27:52] [Render thread/DEBUG] [EventHandlerManager] Handler registered: journeymap.client.forge.event.WaypointBeaconHandler
[21:27:52] [Render thread/DEBUG] [EventHandlerManager] Handler registered: journeymap.client.forge.event.TextureAtlasHandler
[21:27:52] [Render thread/DEBUG] [EventHandlerManager] Handler registered: journeymap.client.forge.event.MiniMapOverlayHandler
[21:27:52] [Render thread/DEBUG] [EventHandlerManager] Handler registered: journeymap.client.forge.event.PlayerConnectHandler
[21:27:52] [Render thread/DEBUG] [EventHandlerManager] Handler registered: journeymap.client.world.ChunkMonitor
[21:27:52] [Render thread/DEBUG] [EventHandlerManager] Handler registered: journeymap.client.forge.event.HudOverlayHandler
[21:27:52] [Render thread/DEBUG] [EventHandlerManager] Handler registered: journeymap.client.forge.event.PopupMenuEventHandler
[21:27:52] [Render thread/DEBUG] [StatTimer] elapsed was slow: 1123.8364
[21:27:52] [Render thread/INFO] [JourneymapClient] initialize EXIT, elapsed count 1 avg 1123.84ms
[21:28:23] [Render thread/INFO] [JourneymapClient] Journeymap PostInit
[21:28:23] [Render thread/DEBUG] [JourneymapClient] postInitialize ENTER
[21:28:23] [Render thread/TRACE] [ThemeLoader] Initializing themes ...
[21:28:23] [Render thread/ERROR] [FileHandler] Couldn't locate icons for flat: C:\Users\juanc\Downloads\mmc-develop-win32\MultiMC\instances\randomsland%201.16.5\.minecraft\mods\journeymap-1.16.5-5.8.6.jar\assets\journeymap\theme\flat
[21:28:23] [Render thread/INFO] [ThemeLoader] Preloaded theme textures: 0
[21:28:23] [Render thread/INFO] [JourneymapClient] postInitialize EXIT, elapsed count 1 avg 141.03ms
[21:31:19] [Server thread/INFO] [ForgeConfig] Loading JourneyMap Forge Configs
[21:31:54] [Render thread/INFO] [ModBlockDelegate] Custom modded block handling enabled for biomesoplenty
[21:31:56] [Render thread/INFO] [ChatLog] 
[21:31:56] [Render thread/WARN] [PropertiesBase] core (Initialized) Bad configField entry during updateFrom(): optionsManagerViewed=null
[21:31:56] [Render thread/INFO] [WaypointStore] Loaded 0 waypoints from C:\Users\juanc\Downloads\mmc-develop-win32\MultiMC\instances\randomsland 1.16.5\.minecraft\journeymap\data\sp\world\waypoints
[21:31:56] [Render thread/INFO] [JourneymapClient] Mapping started in C:\Users\juanc\Downloads\mmc-develop-win32\MultiMC\instances\randomsland 1.16.5\.minecraft\journeymap\data\sp\world\overworld. Memory: 3907MB total, 2388MB free 
[21:32:00] [Render thread/ERROR] [JMLogger] Can't get entityTexture for TranslatableComponent{key='entity.mysticalworld.clam', args=[], siblings=[], style=Style{ color=null, bold=null, italic=null, underlined=null, strikethrough=null, obfuscated=null, clickEvent=null, hoverEvent=null, insertion=null, font=minecraft:default}} (SUPPRESSED)
[21:32:06] [Render thread/ERROR] [JMLogger] Can't get entityTexture for TranslatableComponent{key='entity.alexsmobs.crow', args=[], siblings=[], style=Style{ color=null, bold=null, italic=null, underlined=null, strikethrough=null, obfuscated=null, clickEvent=null, hoverEvent=null, insertion=null, font=minecraft:default}} (SUPPRESSED)
[21:32:19] [Render thread/ERROR] [JMLogger] Can't get entityTexture for TranslatableComponent{key='entity.alexsmobs.raccoon', args=[], siblings=[], style=Style{ color=null, bold=null, italic=null, underlined=null, strikethrough=null, obfuscated=null, clickEvent=null, hoverEvent=null, insertion=null, font=minecraft:default}} (SUPPRESSED)
[21:32:24] [Render thread/INFO] [JourneymapClient] Mapping halted in C:\Users\juanc\Downloads\mmc-develop-win32\MultiMC\instances\randomsland 1.16.5\.minecraft\journeymap\data\mp\offline\minecraft:overworld
[21:32:55] [Server thread/INFO] [ForgeConfig] Loading JourneyMap Forge Configs
[21:33:04] [Render thread/WARN] [PropertiesBase] core (Initialized) Bad configField entry during updateFrom(): optionsManagerViewed=null
[21:33:04] [Render thread/INFO] [WaypointStore] Loaded 0 waypoints from C:\Users\juanc\Downloads\mmc-develop-win32\MultiMC\instances\randomsland 1.16.5\.minecraft\journeymap\data\sp\world\waypoints
[21:33:05] [Render thread/INFO] [JourneymapClient] Mapping started in C:\Users\juanc\Downloads\mmc-develop-win32\MultiMC\instances\randomsland 1.16.5\.minecraft\journeymap\data\sp\world\overworld. Memory: 3937MB total, 2005MB free 
[21:35:43] [Render thread/ERROR] [JMLogger] Can't get entityTexture for TranslatableComponent{key='entity.alexsmobs.rattlesnake', args=[], siblings=[], style=Style{ color=null, bold=null, italic=null, underlined=null, strikethrough=null, obfuscated=null, clickEvent=null, hoverEvent=null, insertion=null, font=minecraft:default}} (SUPPRESSED)
[21:35:49] [Render thread/ERROR] [JMLogger] Can't get entityTexture for TranslatableComponent{key='entity.specialmobs.windwitch', args=[], siblings=[], style=Style{ color=null, bold=null, italic=null, underlined=null, strikethrough=null, obfuscated=null, clickEvent=null, hoverEvent=null, insertion=null, font=minecraft:default}} (SUPPRESSED)
[21:36:06] [Render thread/ERROR] [JMLogger] Can't get entityTexture for TranslatableComponent{key='entity.cavesandcliffs.axolotl', args=[], siblings=[], style=Style{ color=null, bold=null, italic=null, underlined=null, strikethrough=null, obfuscated=null, clickEvent=null, hoverEvent=null, insertion=null, font=minecraft:default}} (SUPPRESSED)
[21:36:06] [Render thread/ERROR] [JMLogger] Can't get entityTexture for TranslatableComponent{key='entity.securitycraft.sentry', args=[], siblings=[], style=Style{ color=null, bold=null, italic=null, underlined=null, strikethrough=null, obfuscated=null, clickEvent=null, hoverEvent=null, insertion=null, font=minecraft:default}} (SUPPRESSED)
[21:36:06] [Render thread/ERROR] [JMLogger] Can't get entityTexture for TranslatableComponent{key='entity.goblintraders.goblin_trader', args=[], siblings=[], style=Style{ color=null, bold=null, italic=null, underlined=null, strikethrough=null, obfuscated=null, clickEvent=null, hoverEvent=null, insertion=null, font=minecraft:default}} (SUPPRESSED)
[21:36:38] [Render thread/ERROR] [JMLogger] Can't get entityTexture for TranslatableComponent{key='entity.alexsmobs.roadrunner', args=[], siblings=[], style=Style{ color=null, bold=null, italic=null, underlined=null, strikethrough=null, obfuscated=null, clickEvent=null, hoverEvent=null, insertion=null, font=minecraft:default}} (SUPPRESSED)
[21:37:07] [Render thread/ERROR] [JMLogger] Can't get entityTexture for TranslatableComponent{key='entity.specialmobs.webspider', args=[], siblings=[], style=Style{ color=null, bold=null, italic=null, underlined=null, strikethrough=null, obfuscated=null, clickEvent=null, hoverEvent=null, insertion=null, font=minecraft:default}} (SUPPRESSED)
[21:37:12] [Render thread/ERROR] [JMLogger] Can't get entityTexture for TranslatableComponent{key='entity.alexsmobs.cockroach', args=[], siblings=[], style=Style{ color=null, bold=null, italic=null, underlined=null, strikethrough=null, obfuscated=null, clickEvent=null, hoverEvent=null, insertion=null, font=minecraft:default}} (SUPPRESSED)
[21:37:12] [Render thread/ERROR] [JMLogger] Can't get entityTexture for TranslatableComponent{key='entity.specialmobs.plaguezombie', args=[], siblings=[], style=Style{ color=null, bold=null, italic=null, underlined=null, strikethrough=null, obfuscated=null, clickEvent=null, hoverEvent=null, insertion=null, font=minecraft:default}} (SUPPRESSED)
[21:37:12] [Render thread/ERROR] [JMLogger] Can't get entityTexture for TranslatableComponent{key='entity.specialmobs.sniperskeleton', args=[], siblings=[], style=Style{ color=null, bold=null, italic=null, underlined=null, strikethrough=null, obfuscated=null, clickEvent=null, hoverEvent=null, insertion=null, font=minecraft:default}} (SUPPRESSED)
[21:39:11] [Render thread/ERROR] [JMLogger] Can't get entityTexture for TranslatableComponent{key='entity.specialmobs.weatheredskeleton', args=[], siblings=[], style=Style{ color=null, bold=null, italic=null, underlined=null, strikethrough=null, obfuscated=null, clickEvent=null, hoverEvent=null, insertion=null, font=minecraft:default}} (SUPPRESSED)
[21:39:22] [Render thread/ERROR] [JMLogger] Can't get entityTexture for TranslatableComponent{key='entity.specialmobs.spitfireskeleton', args=[], siblings=[], style=Style{ color=null, bold=null, italic=null, underlined=null, strikethrough=null, obfuscated=null, clickEvent=null, hoverEvent=null, insertion=null, font=minecraft:default}} (SUPPRESSED)
[21:42:51] [Render thread/ERROR] [JMLogger] Can't get entityTexture for TranslatableComponent{key='entity.specialmobs.skeletoncreeper', args=[], siblings=[], style=Style{ color=null, bold=null, italic=null, underlined=null, strikethrough=null, obfuscated=null, clickEvent=null, hoverEvent=null, insertion=null, font=minecraft:default}} (SUPPRESSED)
[21:46:04] [Render thread/ERROR] [JMLogger] Can't get entityTexture for TranslatableComponent{key='entity.securitycraft.sentry', args=[], siblings=[], style=Style{ color=null, bold=null, italic=null, underlined=null, strikethrough=null, obfuscated=null, clickEvent=null, hoverEvent=null, insertion=null, font=minecraft:default}} (SUPPRESSED)
[21:46:10] [Render thread/ERROR] [JMLogger] Can't get entityTexture for TranslatableComponent{key='entity.alexsmobs.roadrunner', args=[], siblings=[], style=Style{ color=null, bold=null, italic=null, underlined=null, strikethrough=null, obfuscated=null, clickEvent=null, hoverEvent=null, insertion=null, font=minecraft:default}} (SUPPRESSED)
[21:46:10] [Render thread/ERROR] [JMLogger] Can't get entityTexture for TranslatableComponent{key='entity.cavesandcliffs.axolotl', args=[], siblings=[], style=Style{ color=null, bold=null, italic=null, underlined=null, strikethrough=null, obfuscated=null, clickEvent=null, hoverEvent=null, insertion=null, font=minecraft:default}} (SUPPRESSED)
[21:46:10] [Render thread/ERROR] [JMLogger] Can't get entityTexture for TranslatableComponent{key='entity.mysticalworld.clam', args=[], siblings=[], style=Style{ color=null, bold=null, italic=null, underlined=null, strikethrough=null, obfuscated=null, clickEvent=null, hoverEvent=null, insertion=null, font=minecraft:default}} (SUPPRESSED)
[21:50:00] [Render thread/ERROR] [JMLogger] Can't get entityTexture for TranslatableComponent{key='entity.goblintraders.goblin_trader', args=[], siblings=[], style=Style{ color=null, bold=null, italic=null, underlined=null, strikethrough=null, obfuscated=null, clickEvent=null, hoverEvent=null, insertion=null, font=minecraft:default}} (SUPPRESSED)
[21:50:09] [Render thread/ERROR] [JMLogger] Can't get entityTexture for TranslatableComponent{key='entity.specialmobs.poisonskeleton', args=[], siblings=[], style=Style{ color=null, bold=null, italic=null, underlined=null, strikethrough=null, obfuscated=null, clickEvent=null, hoverEvent=null, insertion=null, font=minecraft:default}} (SUPPRESSED)
[21:50:09] [Render thread/ERROR] [JMLogger] Can't get entityTexture for TranslatableComponent{key='entity.specialmobs.skeletoncreeper', args=[], siblings=[], style=Style{ color=null, bold=null, italic=null, underlined=null, strikethrough=null, obfuscated=null, clickEvent=null, hoverEvent=null, insertion=null, font=minecraft:default}} (SUPPRESSED)
[21:50:09] [Render thread/ERROR] [JMLogger] Can't get entityTexture for TranslatableComponent{key='entity.specialmobs.palespider', args=[], siblings=[], style=Style{ color=null, bold=null, italic=null, underlined=null, strikethrough=null, obfuscated=null, clickEvent=null, hoverEvent=null, insertion=null, font=minecraft:default}} (SUPPRESSED)
[21:50:13] [Render thread/INFO] [JourneymapClient] Mapping halted in C:\Users\juanc\Downloads\mmc-develop-win32\MultiMC\instances\randomsland 1.16.5\.minecraft\journeymap\data\sp\world\minecraft:overworld
[21:50:14] [JM-task-5/WARN] [TaskBatch] TaskBatch thread interrupted: journeymap.client.task.multi.MapPlayerTask$MapPlayerTaskBatch@3acdbc96
[21:50:14] [Render thread/WARN] [PropertiesBase] core (Initialized) Bad configField entry during updateFrom(): optionsManagerViewed=null
[21:50:14] [Render thread/INFO] [WaypointStore] Loaded 0 waypoints from C:\Users\juanc\Downloads\mmc-develop-win32\MultiMC\instances\randomsland 1.16.5\.minecraft\journeymap\data\sp\world\waypoints
[21:50:15] [Render thread/INFO] [JourneymapClient] Mapping started in C:\Users\juanc\Downloads\mmc-develop-win32\MultiMC\instances\randomsland 1.16.5\.minecraft\journeymap\data\sp\world\the_nether. Memory: 4279MB total, 1635MB free 
[21:50:15] [Render thread/ERROR] [JMLogger] Can't get entityTexture for TranslatableComponent{key='entity.specialmobs.plaguezombifiedpiglin', args=[], siblings=[], style=Style{ color=null, bold=null, italic=null, underlined=null, strikethrough=null, obfuscated=null, clickEvent=null, hoverEvent=null, insertion=null, font=minecraft:default}} (SUPPRESSED)
[21:50:15] [Render thread/ERROR] [JMLogger] Can't get entityTexture for TranslatableComponent{key='entity.specialmobs.hungryzombifiedpiglin', args=[], siblings=[], style=Style{ color=null, bold=null, italic=null, underlined=null, strikethrough=null, obfuscated=null, clickEvent=null, hoverEvent=null, insertion=null, font=minecraft:default}} (SUPPRESSED)
[21:50:15] [Render thread/ERROR] [JMLogger] Can't get entityTexture for TranslatableComponent{key='entity.alexsmobs.crimson_mosquito', args=[], siblings=[], style=Style{ color=null, bold=null, italic=null, underlined=null, strikethrough=null, obfuscated=null, clickEvent=null, hoverEvent=null, insertion=null, font=minecraft:default}} (SUPPRESSED)
[21:50:18] [Render thread/ERROR] [JMLogger] Can't get entityTexture for TranslatableComponent{key='entity.specialmobs.vampirezombifiedpiglin', args=[], siblings=[], style=Style{ color=null, bold=null, italic=null, underlined=null, strikethrough=null, obfuscated=null, clickEvent=null, hoverEvent=null, insertion=null, font=minecraft:default}} (SUPPRESSED)
[21:50:18] [Render thread/ERROR] [JMLogger] Can't get entityTexture for TranslatableComponent{key='entity.specialmobs.brutezombifiedpiglin', args=[], siblings=[], style=Style{ color=null, bold=null, italic=null, underlined=null, strikethrough=null, obfuscated=null, clickEvent=null, hoverEvent=null, insertion=null, font=minecraft:default}} (SUPPRESSED)
[21:50:56] [Render thread/ERROR] [JMLogger] Can't get entityTexture for TranslatableComponent{key='entity.specialmobs.stickymagmacube', args=[], siblings=[], style=Style{ color=null, bold=null, italic=null, underlined=null, strikethrough=null, obfuscated=null, clickEvent=null, hoverEvent=null, insertion=null, font=minecraft:default}} (SUPPRESSED)
[21:51:50] [Render thread/INFO] [JourneymapClient] Mapping halted in C:\Users\juanc\Downloads\mmc-develop-win32\MultiMC\instances\randomsland 1.16.5\.minecraft\journeymap\data\mp\offline\minecraft:the_nether
[22:02:46] [Netty Client IO #2/INFO] [ForgeConfig] Loading JourneyMap Forge Configs
[22:02:53] [Render thread/INFO] [JourneymapClient] World UID is set to: f58bfc78-60a4-4d5e-b308-a7966ed3fbec
[22:03:03] [Render thread/ERROR] [JMLogger] Can't get entityTexture for TranslatableComponent{key='entity.specialmobs.endercreeper', args=[], siblings=[], style=Style{ color=null, bold=null, italic=null, underlined=null, strikethrough=null, obfuscated=null, clickEvent=null, hoverEvent=null, insertion=null, font=minecraft:default}} (SUPPRESSED)
[22:03:03] [Render thread/WARN] [PropertiesBase] core (Initialized) Bad configField entry during updateFrom(): optionsManagerViewed=null
[22:03:04] [Render thread/INFO] [WaypointStore] Loaded 34 waypoints from C:\Users\juanc\Downloads\mmc-develop-win32\MultiMC\instances\randomsland 1.16.5\.minecraft\journeymap\data\mp\hola_f58bfc78~60a4~4d5e~b308~a7966ed3fbec\waypoints
[22:03:04] [Render thread/INFO] [JourneymapClient] Mapping started in C:\Users\juanc\Downloads\mmc-develop-win32\MultiMC\instances\randomsland 1.16.5\.minecraft\journeymap\data\mp\hola_f58bfc78~60a4~4d5e~b308~a7966ed3fbec\overworld. Memory: 3930MB total, 908MB free 
[22:03:06] [Render thread/INFO] [JourneymapClient] Mapping halted in C:\Users\juanc\Downloads\mmc-develop-win32\MultiMC\instances\randomsland 1.16.5\.minecraft\journeymap\data\mp\hola_f58bfc78~60a4~4d5e~b308~a7966ed3fbec\minecraft:overworld
[22:03:06] [JM-task-7/WARN] [TaskBatch] TaskBatch thread interrupted: journeymap.client.task.multi.MapPlayerTask$MapPlayerTaskBatch@c10d04a
[22:03:06] [Render thread/INFO] [MappingMonitorTask] World ID has been reset.
[22:03:06] [Render thread/INFO] [JourneymapClient] World UID is set to: null
[22:04:24] [Netty Client IO #7/INFO] [ForgeConfig] Loading JourneyMap Forge Configs
[22:04:32] [Render thread/INFO] [JourneymapClient] World UID is set to: f58bfc78-60a4-4d5e-b308-a7966ed3fbec
[22:04:33] [Render thread/WARN] [PropertiesBase] core (Initialized) Bad configField entry during updateFrom(): optionsManagerViewed=null
[22:04:33] [Render thread/INFO] [WaypointStore] Loaded 34 waypoints from C:\Users\juanc\Downloads\mmc-develop-win32\MultiMC\instances\randomsland 1.16.5\.minecraft\journeymap\data\mp\hola_f58bfc78~60a4~4d5e~b308~a7966ed3fbec\waypoints
[22:04:33] [Render thread/INFO] [JourneymapClient] Mapping started in C:\Users\juanc\Downloads\mmc-develop-win32\MultiMC\instances\randomsland 1.16.5\.minecraft\journeymap\data\mp\hola_f58bfc78~60a4~4d5e~b308~a7966ed3fbec\overworld. Memory: 3868MB total, 676MB free 
[22:07:44] [Render thread/ERROR] [JMLogger] Can't get entityTexture for TranslatableComponent{key='entity.specialmobs.fireskeleton', args=[], siblings=[], style=Style{ color=null, bold=null, italic=null, underlined=null, strikethrough=null, obfuscated=null, clickEvent=null, hoverEvent=null, insertion=null, font=minecraft:default}} (SUPPRESSED)
[22:07:44] [Render thread/ERROR] [JMLogger] Can't get entityTexture for TranslatableComponent{key='entity.specialmobs.weatheredskeleton', args=[], siblings=[], style=Style{ color=null, bold=null, italic=null, underlined=null, strikethrough=null, obfuscated=null, clickEvent=null, hoverEvent=null, insertion=null, font=minecraft:default}} (SUPPRESSED)
[22:07:47] [Render thread/ERROR] [JMLogger] Can't get entityTexture for TranslatableComponent{key='entity.specialmobs.spitfireskeleton', args=[], siblings=[], style=Style{ color=null, bold=null, italic=null, underlined=null, strikethrough=null, obfuscated=null, clickEvent=null, hoverEvent=null, insertion=null, font=minecraft:default}} (SUPPRESSED)
[22:07:47] [Render thread/ERROR] [JMLogger] Can't get entityTexture for TranslatableComponent{key='entity.specialmobs.bruteskeleton', args=[], siblings=[], style=Style{ color=null, bold=null, italic=null, underlined=null, strikethrough=null, obfuscated=null, clickEvent=null, hoverEvent=null, insertion=null, font=minecraft:default}} (SUPPRESSED)
[22:07:49] [Render thread/INFO] [JourneymapClient] Mapping halted in C:\Users\juanc\Downloads\mmc-develop-win32\MultiMC\instances\randomsland 1.16.5\.minecraft\journeymap\data\mp\hola_f58bfc78~60a4~4d5e~b308~a7966ed3fbec\minecraft:overworld
[22:07:49] [Render thread/WARN] [PropertiesBase] core (Initialized) Bad configField entry during updateFrom(): optionsManagerViewed=null
[22:07:49] [Render thread/INFO] [WaypointStore] Loaded 34 waypoints from C:\Users\juanc\Downloads\mmc-develop-win32\MultiMC\instances\randomsland 1.16.5\.minecraft\journeymap\data\mp\hola_f58bfc78~60a4~4d5e~b308~a7966ed3fbec\waypoints
[22:07:49] [Render thread/INFO] [JourneymapClient] Mapping started in C:\Users\juanc\Downloads\mmc-develop-win32\MultiMC\instances\randomsland 1.16.5\.minecraft\journeymap\data\mp\hola_f58bfc78~60a4~4d5e~b308~a7966ed3fbec\the_nether. Memory: 3678MB total, 1492MB free 
[22:07:57] [Render thread/INFO] [JourneymapClient] Mapping halted in C:\Users\juanc\Downloads\mmc-develop-win32\MultiMC\instances\randomsland 1.16.5\.minecraft\journeymap\data\mp\hola_f58bfc78~60a4~4d5e~b308~a7966ed3fbec\minecraft:the_nether
[22:07:57] [Render thread/WARN] [PropertiesBase] core (Initialized) Bad configField entry during updateFrom(): optionsManagerViewed=null
[22:07:58] [Render thread/INFO] [WaypointStore] Loaded 34 waypoints from C:\Users\juanc\Downloads\mmc-develop-win32\MultiMC\instances\randomsland 1.16.5\.minecraft\journeymap\data\mp\hola_f58bfc78~60a4~4d5e~b308~a7966ed3fbec\waypoints
[22:07:58] [Render thread/INFO] [JourneymapClient] Mapping started in C:\Users\juanc\Downloads\mmc-develop-win32\MultiMC\instances\randomsland 1.16.5\.minecraft\journeymap\data\mp\hola_f58bfc78~60a4~4d5e~b308~a7966ed3fbec\overworld. Memory: 3698MB total, 1045MB free 
[22:08:09] [Render thread/WARN] [WorldData] Used DummyProvider for required dim: minecraft:eselmundo
[22:08:46] [Render thread/ERROR] [JMLogger] Can't get entityTexture for TranslatableComponent{key='entity.alexsmobs.fly', args=[], siblings=[], style=Style{ color=null, bold=null, italic=null, underlined=null, strikethrough=null, obfuscated=null, clickEvent=null, hoverEvent=null, insertion=null, font=minecraft:default}} (SUPPRESSED)
[22:08:50] [Render thread/ERROR] [JMLogger] Can't get entityTexture for TranslatableComponent{key='entity.specialmobs.firezombie', args=[], siblings=[], style=Style{ color=null, bold=null, italic=null, underlined=null, strikethrough=null, obfuscated=null, clickEvent=null, hoverEvent=null, insertion=null, font=minecraft:default}} (SUPPRESSED)
[22:08:55] [Render thread/ERROR] [JMLogger] Can't get entityTexture for TranslatableComponent{key='entity.alexsmobs.hammerhead_shark', args=[], siblings=[], style=Style{ color=null, bold=null, italic=null, underlined=null, strikethrough=null, obfuscated=null, clickEvent=null, hoverEvent=null, insertion=null, font=minecraft:default}} (SUPPRESSED)
[22:08:55] [Render thread/ERROR] [JMLogger] Can't get entityTexture for TranslatableComponent{key='entity.specialmobs.sandcreeper', args=[], siblings=[], style=Style{ color=null, bold=null, italic=null, underlined=null, strikethrough=null, obfuscated=null, clickEvent=null, hoverEvent=null, insertion=null, font=minecraft:default}} (SUPPRESSED)
[22:09:07] [Render thread/ERROR] [JMLogger] Can't get entityTexture for TranslatableComponent{key='entity.specialmobs.brutezombie', args=[], siblings=[], style=Style{ color=null, bold=null, italic=null, underlined=null, strikethrough=null, obfuscated=null, clickEvent=null, hoverEvent=null, insertion=null, font=minecraft:default}} (SUPPRESSED)
[22:11:33] [Render thread/ERROR] [JMLogger] Can't get entityTexture for TranslatableComponent{key='entity.securitycraft.sentry', args=[], siblings=[], style=Style{ color=null, bold=null, italic=null, underlined=null, strikethrough=null, obfuscated=null, clickEvent=null, hoverEvent=null, insertion=null, font=minecraft:default}} (SUPPRESSED)
[22:11:36] [Render thread/ERROR] [JMLogger] Can't get entityTexture for TranslatableComponent{key='entity.cavesandcliffs.axolotl', args=[], siblings=[], style=Style{ color=null, bold=null, italic=null, underlined=null, strikethrough=null, obfuscated=null, clickEvent=null, hoverEvent=null, insertion=null, font=minecraft:default}} (SUPPRESSED)
[22:12:02] [Render thread/ERROR] [JMLogger] Can't get entityTexture for TranslatableComponent{key='entity.goblintraders.goblin_trader', args=[], siblings=[], style=Style{ color=null, bold=null, italic=null, underlined=null, strikethrough=null, obfuscated=null, clickEvent=null, hoverEvent=null, insertion=null, font=minecraft:default}} (SUPPRESSED)
[22:12:37] [Render thread/ERROR] [JMLogger] Can't get entityTexture for TranslatableComponent{key='entity.alexsmobs.mimic_octopus', args=[], siblings=[], style=Style{ color=null, bold=null, italic=null, underlined=null, strikethrough=null, obfuscated=null, clickEvent=null, hoverEvent=null, insertion=null, font=minecraft:default}} (SUPPRESSED)
[22:12:37] [Render thread/ERROR] [JMLogger] Can't get entityTexture for TranslatableComponent{key='entity.alexsmobs.hammerhead_shark', args=[], siblings=[], style=Style{ color=null, bold=null, italic=null, underlined=null, strikethrough=null, obfuscated=null, clickEvent=null, hoverEvent=null, insertion=null, font=minecraft:default}} (SUPPRESSED)
[22:12:37] [Render thread/ERROR] [JMLogger] Can't get entityTexture for TranslatableComponent{key='entity.specialmobs.desertspider', args=[], siblings=[], style=Style{ color=null, bold=null, italic=null, underlined=null, strikethrough=null, obfuscated=null, clickEvent=null, hoverEvent=null, insertion=null, font=minecraft:default}} (SUPPRESSED)
[22:12:37] [Render thread/ERROR] [JMLogger] Can't get entityTexture for TranslatableComponent{key='entity.specialmobs.brutezombie', args=[], siblings=[], style=Style{ color=null, bold=null, italic=null, underlined=null, strikethrough=null, obfuscated=null, clickEvent=null, hoverEvent=null, insertion=null, font=minecraft:default}} (SUPPRESSED)
[22:13:26] [Render thread/ERROR] [JMLogger] Can't get entityTexture for TranslatableComponent{key='entity.specialmobs.firespider', args=[], siblings=[], style=Style{ color=null, bold=null, italic=null, underlined=null, strikethrough=null, obfuscated=null, clickEvent=null, hoverEvent=null, insertion=null, font=minecraft:default}} (SUPPRESSED)
[22:13:31] [Render thread/ERROR] [JMLogger] Can't get entityTexture for TranslatableComponent{key='entity.specialmobs.hungryzombie', args=[], siblings=[], style=Style{ color=null, bold=null, italic=null, underlined=null, strikethrough=null, obfuscated=null, clickEvent=null, hoverEvent=null, insertion=null, font=minecraft:default}} (SUPPRESSED)
[22:13:53] [Render thread/ERROR] [JMLogger] Can't get entityTexture for TranslatableComponent{key='entity.specialmobs.firecreeper', args=[], siblings=[], style=Style{ color=null, bold=null, italic=null, underlined=null, strikethrough=null, obfuscated=null, clickEvent=null, hoverEvent=null, insertion=null, font=minecraft:default}} (SUPPRESSED)
[22:13:53] [Render thread/ERROR] [JMLogger] Can't get entityTexture for TranslatableComponent{key='entity.specialmobs.sandcreeper', args=[], siblings=[], style=Style{ color=null, bold=null, italic=null, underlined=null, strikethrough=null, obfuscated=null, clickEvent=null, hoverEvent=null, insertion=null, font=minecraft:default}} (SUPPRESSED)
[22:13:59] [Render thread/ERROR] [JMLogger] Can't get entityTexture for TranslatableComponent{key='entity.specialmobs.motherspider', args=[], siblings=[], style=Style{ color=null, bold=null, italic=null, underlined=null, strikethrough=null, obfuscated=null, clickEvent=null, hoverEvent=null, insertion=null, font=minecraft:default}} (SUPPRESSED)
[22:14:02] [Render thread/ERROR] [JMLogger] Can't get entityTexture for TranslatableComponent{key='entity.specialmobs.flyingspider', args=[], siblings=[], style=Style{ color=null, bold=null, italic=null, underlined=null, strikethrough=null, obfuscated=null, clickEvent=null, hoverEvent=null, insertion=null, font=minecraft:default}} (SUPPRESSED)
[22:14:09] [Render thread/ERROR] [JMLogger] Can't get entityTexture for TranslatableComponent{key='entity.specialmobs.plaguezombie', args=[], siblings=[], style=Style{ color=null, bold=null, italic=null, underlined=null, strikethrough=null, obfuscated=null, clickEvent=null, hoverEvent=null, insertion=null, font=minecraft:default}} (SUPPRESSED)
[22:14:23] [Render thread/ERROR] [JMLogger] Can't get entityTexture for TranslatableComponent{key='entity.specialmobs.madscientistzombie', args=[], siblings=[], style=Style{ color=null, bold=null, italic=null, underlined=null, strikethrough=null, obfuscated=null, clickEvent=null, hoverEvent=null, insertion=null, font=minecraft:default}} (SUPPRESSED)
[22:16:01] [Render thread/ERROR] [JMLogger] Can't get entityTexture for TranslatableComponent{key='entity.alexsmobs.cockroach', args=[], siblings=[], style=Style{ color=null, bold=null, italic=null, underlined=null, strikethrough=null, obfuscated=null, clickEvent=null, hoverEvent=null, insertion=null, font=minecraft:default}} (SUPPRESSED)
[22:16:21] [Render thread/ERROR] [JMLogger] Can't get entityTexture for TranslatableComponent{key='entity.specialmobs.fireskeleton', args=[], siblings=[], style=Style{ color=null, bold=null, italic=null, underlined=null, strikethrough=null, obfuscated=null, clickEvent=null, hoverEvent=null, insertion=null, font=minecraft:default}} (SUPPRESSED)
[22:16:21] [Render thread/ERROR] [JMLogger] Can't get entityTexture for TranslatableComponent{key='entity.specialmobs.spitfireskeleton', args=[], siblings=[], style=Style{ color=null, bold=null, italic=null, underlined=null, strikethrough=null, obfuscated=null, clickEvent=null, hoverEvent=null, insertion=null, font=minecraft:default}} (SUPPRESSED)
[22:16:21] [Render thread/ERROR] [JMLogger] Can't get entityTexture for TranslatableComponent{key='entity.specialmobs.firezombie', args=[], siblings=[], style=Style{ color=null, bold=null, italic=null, underlined=null, strikethrough=null, obfuscated=null, clickEvent=null, hoverEvent=null, insertion=null, font=minecraft:default}} (SUPPRESSED)
[22:17:33] [Render thread/ERROR] [JMLogger] Can't get entityTexture for TranslatableComponent{key='entity.mysticalworld.clam', args=[], siblings=[], style=Style{ color=null, bold=null, italic=null, underlined=null, strikethrough=null, obfuscated=null, clickEvent=null, hoverEvent=null, insertion=null, font=minecraft:default}} (SUPPRESSED)
[22:21:51] [Render thread/ERROR] [JMLogger] Can't get entityTexture for TranslatableComponent{key='entity.specialmobs.doomcreeper', args=[], siblings=[], style=Style{ color=null, bold=null, italic=null, underlined=null, strikethrough=null, obfuscated=null, clickEvent=null, hoverEvent=null, insertion=null, font=minecraft:default}} (SUPPRESSED)
[22:23:25] [Render thread/ERROR] [JMLogger] Can't get entityTexture for TranslatableComponent{key='entity.cavesandcliffs.axolotl', args=[], siblings=[], style=Style{ color=null, bold=null, italic=null, underlined=null, strikethrough=null, obfuscated=null, clickEvent=null, hoverEvent=null, insertion=null, font=minecraft:default}} (SUPPRESSED)
[22:23:25] [Render thread/ERROR] [JMLogger] Can't get entityTexture for TranslatableComponent{key='entity.securitycraft.sentry', args=[], siblings=[], style=Style{ color=null, bold=null, italic=null, underlined=null, strikethrough=null, obfuscated=null, clickEvent=null, hoverEvent=null, insertion=null, font=minecraft:default}} (SUPPRESSED)
[22:25:25] [Render thread/WARN] [StatTimer] TileDrawStep.updateRegionTexture was slow: 77.0746 (Warning limit reached)
[22:25:25] [Render thread/WARN] [StatTimer] TileDrawStep.updateRegionTexture: Avg:     0.01ms, Min:        0ms, Max:     402.92ms, Total:          5 sec, Count:   529874, Canceled:        0, Slow:       10
[22:26:49] [Render thread/ERROR] [JMLogger] Can't get entityTexture for TranslatableComponent{key='entity.alexsmobs.roadrunner', args=[], siblings=[], style=Style{ color=null, bold=null, italic=null, underlined=null, strikethrough=null, obfuscated=null, clickEvent=null, hoverEvent=null, insertion=null, font=minecraft:default}} (SUPPRESSED)
[22:27:41] [Render thread/ERROR] [JMLogger] Can't get entityTexture for TranslatableComponent{key='entity.alexsmobs.hammerhead_shark', args=[], siblings=[], style=Style{ color=null, bold=null, italic=null, underlined=null, strikethrough=null, obfuscated=null, clickEvent=null, hoverEvent=null, insertion=null, font=minecraft:default}} (SUPPRESSED)
[22:27:56] [Render thread/ERROR] [JMLogger] Can't get entityTexture for TranslatableComponent{key='entity.alexsmobs.seagull', args=[], siblings=[], style=Style{ color=null, bold=null, italic=null, underlined=null, strikethrough=null, obfuscated=null, clickEvent=null, hoverEvent=null, insertion=null, font=minecraft:default}} (SUPPRESSED)
[22:27:56] [Render thread/ERROR] [JMLogger] Can't get entityTexture for TranslatableComponent{key='entity.alexsmobs.rattlesnake', args=[], siblings=[], style=Style{ color=null, bold=null, italic=null, underlined=null, strikethrough=null, obfuscated=null, clickEvent=null, hoverEvent=null, insertion=null, font=minecraft:default}} (SUPPRESSED)
[22:28:03] [Render thread/ERROR] [JMLogger] Can't get entityTexture for TranslatableComponent{key='entity.specialmobs.hungryzombie', args=[], siblings=[], style=Style{ color=null, bold=null, italic=null, underlined=null, strikethrough=null, obfuscated=null, clickEvent=null, hoverEvent=null, insertion=null, font=minecraft:default}} (SUPPRESSED)
[22:28:13] [Render thread/ERROR] [JMLogger] Can't get entityTexture for TranslatableComponent{key='entity.alexsmobs.cachalot_whale', args=[], siblings=[], style=Style{ color=null, bold=null, italic=null, underlined=null, strikethrough=null, obfuscated=null, clickEvent=null, hoverEvent=null, insertion=null, font=minecraft:default}} (SUPPRESSED)
[22:28:13] [Render thread/ERROR] [JMLogger] Can't get entityTexture for TranslatableComponent{key='entity.specialmobs.firecreeper', args=[], siblings=[], style=Style{ color=null, bold=null, italic=null, underlined=null, strikethrough=null, obfuscated=null, clickEvent=null, hoverEvent=null, insertion=null, font=minecraft:default}} (SUPPRESSED)
[22:28:17] [Render thread/ERROR] [JMLogger] Can't get entityTexture for TranslatableComponent{key='entity.alexsmobs.fly', args=[], siblings=[], style=Style{ color=null, bold=null, italic=null, underlined=null, strikethrough=null, obfuscated=null, clickEvent=null, hoverEvent=null, insertion=null, font=minecraft:default}} (SUPPRESSED)
[22:28:17] [Render thread/ERROR] [JMLogger] Can't get entityTexture for TranslatableComponent{key='entity.specialmobs.brutezombie', args=[], siblings=[], style=Style{ color=null, bold=null, italic=null, underlined=null, strikethrough=null, obfuscated=null, clickEvent=null, hoverEvent=null, insertion=null, font=minecraft:default}} (SUPPRESSED)
[22:28:17] [Render thread/ERROR] [JMLogger] Can't get entityTexture for TranslatableComponent{key='entity.specialmobs.flyingspider', args=[], siblings=[], style=Style{ color=null, bold=null, italic=null, underlined=null, strikethrough=null, obfuscated=null, clickEvent=null, hoverEvent=null, insertion=null, font=minecraft:default}} (SUPPRESSED)
[22:28:21] [Render thread/ERROR] [JMLogger] Can't get entityTexture for TranslatableComponent{key='entity.alexsmobs.crow', args=[], siblings=[], style=Style{ color=null, bold=null, italic=null, underlined=null, strikethrough=null, obfuscated=null, clickEvent=null, hoverEvent=null, insertion=null, font=minecraft:default}} (SUPPRESSED)
[22:28:30] [Render thread/ERROR] [JMLogger] Can't get entityTexture for TranslatableComponent{key='entity.specialmobs.weatheredskeleton', args=[], siblings=[], style=Style{ color=null, bold=null, italic=null, underlined=null, strikethrough=null, obfuscated=null, clickEvent=null, hoverEvent=null, insertion=null, font=minecraft:default}} (SUPPRESSED)
[22:28:30] [Render thread/ERROR] [JMLogger] Can't get entityTexture for TranslatableComponent{key='entity.specialmobs.bruteskeleton', args=[], siblings=[], style=Style{ color=null, bold=null, italic=null, underlined=null, strikethrough=null, obfuscated=null, clickEvent=null, hoverEvent=null, insertion=null, font=minecraft:default}} (SUPPRESSED)
[22:28:32] [Render thread/WARN] [WorldData] Used DummyProvider for required dim: minecraft:eselmundo
[22:28:50] [Render thread/ERROR] [JMLogger] Can't get entityTexture for TranslatableComponent{key='entity.mysticalworld.beetle', args=[], siblings=[], style=Style{ color=null, bold=null, italic=null, underlined=null, strikethrough=null, obfuscated=null, clickEvent=null, hoverEvent=null, insertion=null, font=minecraft:default}} (SUPPRESSED)
[22:28:50] [Render thread/ERROR] [JMLogger] Can't get entityTexture for TranslatableComponent{key='entity.specialmobs.lightningcreeper', args=[], siblings=[], style=Style{ color=null, bold=null, italic=null, underlined=null, strikethrough=null, obfuscated=null, clickEvent=null, hoverEvent=null, insertion=null, font=minecraft:default}} (SUPPRESSED)
[22:29:00] [Render thread/ERROR] [JMLogger] Can't get entityTexture for TranslatableComponent{key='entity.goblintraders.goblin_trader', args=[], siblings=[], style=Style{ color=null, bold=null, italic=null, underlined=null, strikethrough=null, obfuscated=null, clickEvent=null, hoverEvent=null, insertion=null, font=minecraft:default}} (SUPPRESSED)
[22:29:00] [Render thread/ERROR] [JMLogger] Can't get entityTexture for TranslatableComponent{key='entity.specialmobs.spitfireskeleton', args=[], siblings=[], style=Style{ color=null, bold=null, italic=null, underlined=null, strikethrough=null, obfuscated=null, clickEvent=null, hoverEvent=null, insertion=null, font=minecraft:default}} (SUPPRESSED)
[22:29:01] [Render thread/ERROR] [JMLogger] Can't get entityTexture for TranslatableComponent{key='entity.alexsmobs.lobster', args=[], siblings=[], style=Style{ color=null, bold=null, italic=null, underlined=null, strikethrough=null, obfuscated=null, clickEvent=null, hoverEvent=null, insertion=null, font=minecraft:default}} (SUPPRESSED)
[22:29:01] [Render thread/ERROR] [JMLogger] Can't get entityTexture for TranslatableComponent{key='entity.mysticalworld.clam', args=[], siblings=[], style=Style{ color=null, bold=null, italic=null, underlined=null, strikethrough=null, obfuscated=null, clickEvent=null, hoverEvent=null, insertion=null, font=minecraft:default}} (SUPPRESSED)
[22:29:32] [Render thread/ERROR] [JMLogger] Can't get entityTexture for TranslatableComponent{key='entity.alexsmobs.raccoon', args=[], siblings=[], style=Style{ color=null, bold=null, italic=null, underlined=null, strikethrough=null, obfuscated=null, clickEvent=null, hoverEvent=null, insertion=null, font=minecraft:default}} (SUPPRESSED)
[22:29:36] [Render thread/ERROR] [JMLogger] Can't get entityTexture for TranslatableComponent{key='entity.alexsmobs.elephant', args=[], siblings=[], style=Style{ color=null, bold=null, italic=null, underlined=null, strikethrough=null, obfuscated=null, clickEvent=null, hoverEvent=null, insertion=null, font=minecraft:default}} (SUPPRESSED)
[22:29:53] [Render thread/ERROR] [JMLogger] Can't get entityTexture for TranslatableComponent{key='entity.artifacts.mimic', args=[], siblings=[], style=Style{ color=null, bold=null, italic=null, underlined=null, strikethrough=null, obfuscated=null, clickEvent=null, hoverEvent=null, insertion=null, font=minecraft:default}} (SUPPRESSED)
[22:30:13] [Render thread/ERROR] [JMLogger] Can't get entityTexture for TranslatableComponent{key='entity.specialmobs.skeletoncreeper', args=[], siblings=[], style=Style{ color=null, bold=null, italic=null, underlined=null, strikethrough=null, obfuscated=null, clickEvent=null, hoverEvent=null, insertion=null, font=minecraft:default}} (SUPPRESSED)
[22:30:13] [Render thread/ERROR] [JMLogger] Can't get entityTexture for TranslatableComponent{key='entity.specialmobs.sandcreeper', args=[], siblings=[], style=Style{ color=null, bold=null, italic=null, underlined=null, strikethrough=null, obfuscated=null, clickEvent=null, hoverEvent=null, insertion=null, font=minecraft:default}} (SUPPRESSED)
[22:30:13] [Render thread/ERROR] [JMLogger] Can't get entityTexture for TranslatableComponent{key='entity.specialmobs.gravelcreeper', args=[], siblings=[], style=Style{ color=null, bold=null, italic=null, underlined=null, strikethrough=null, obfuscated=null, clickEvent=null, hoverEvent=null, insertion=null, font=minecraft:default}} (SUPPRESSED)
[22:30:47] [Render thread/ERROR] [JMLogger] Can't get entityTexture for TranslatableComponent{key='entity.mysticalworld.clam', args=[], siblings=[], style=Style{ color=null, bold=null, italic=null, underlined=null, strikethrough=null, obfuscated=null, clickEvent=null, hoverEvent=null, insertion=null, font=minecraft:default}} (SUPPRESSED)
[22:30:47] [Render thread/ERROR] [JMLogger] Can't get entityTexture for TranslatableComponent{key='entity.alexsmobs.lobster', args=[], siblings=[], style=Style{ color=null, bold=null, italic=null, underlined=null, strikethrough=null, obfuscated=null, clickEvent=null, hoverEvent=null, insertion=null, font=minecraft:default}} (SUPPRESSED)
[22:30:47] [Render thread/ERROR] [JMLogger] Can't get entityTexture for TranslatableComponent{key='entity.goblintraders.goblin_trader', args=[], siblings=[], style=Style{ color=null, bold=null, italic=null, underlined=null, strikethrough=null, obfuscated=null, clickEvent=null, hoverEvent=null, insertion=null, font=minecraft:default}} (SUPPRESSED)
[22:30:47] [Render thread/ERROR] [JMLogger] Can't get entityTexture for TranslatableComponent{key='entity.artifacts.mimic', args=[], siblings=[], style=Style{ color=null, bold=null, italic=null, underlined=null, strikethrough=null, obfuscated=null, clickEvent=null, hoverEvent=null, insertion=null, font=minecraft:default}} (SUPPRESSED)
[22:30:58] [Render thread/ERROR] [JMLogger] Can't get entityTexture for TranslatableComponent{key='entity.specialmobs.darkcreeper', args=[], siblings=[], style=Style{ color=null, bold=null, italic=null, underlined=null, strikethrough=null, obfuscated=null, clickEvent=null, hoverEvent=null, insertion=null, font=minecraft:default}} (SUPPRESSED)
[22:30:58] [Render thread/ERROR] [JMLogger] Can't get entityTexture for TranslatableComponent{key='entity.specialmobs.firezombie', args=[], siblings=[], style=Style{ color=null, bold=null, italic=null, underlined=null, strikethrough=null, obfuscated=null, clickEvent=null, hoverEvent=null, insertion=null, font=minecraft:default}} (SUPPRESSED)
[22:31:04] [Render thread/ERROR] [JMLogger] Can't get entityTexture for TranslatableComponent{key='entity.specialmobs.flyingspider', args=[], siblings=[], style=Style{ color=null, bold=null, italic=null, underlined=null, strikethrough=null, obfuscated=null, clickEvent=null, hoverEvent=null, insertion=null, font=minecraft:default}} (SUPPRESSED)
[22:31:04] [Render thread/ERROR] [JMLogger] Can't get entityTexture for TranslatableComponent{key='entity.specialmobs.endercreeper', args=[], siblings=[], style=Style{ color=null, bold=null, italic=null, underlined=null, strikethrough=null, obfuscated=null, clickEvent=null, hoverEvent=null, insertion=null, font=minecraft:default}} (SUPPRESSED)
[22:31:12] [Render thread/ERROR] [JMLogger] Can't get entityTexture for TranslatableComponent{key='entity.specialmobs.motherspider', args=[], siblings=[], style=Style{ color=null, bold=null, italic=null, underlined=null, strikethrough=null, obfuscated=null, clickEvent=null, hoverEvent=null, insertion=null, font=minecraft:default}} (SUPPRESSED)
[22:31:23] [Render thread/ERROR] [JMLogger] Can't get entityTexture for TranslatableComponent{key='entity.specialmobs.spitfireskeleton', args=[], siblings=[], style=Style{ color=null, bold=null, italic=null, underlined=null, strikethrough=null, obfuscated=null, clickEvent=null, hoverEvent=null, insertion=null, font=minecraft:default}} (SUPPRESSED)
[22:32:06] [Render thread/ERROR] [JMLogger] Can't get entityTexture for TranslatableComponent{key='entity.specialmobs.brutezombie', args=[], siblings=[], style=Style{ color=null, bold=null, italic=null, underlined=null, strikethrough=null, obfuscated=null, clickEvent=null, hoverEvent=null, insertion=null, font=minecraft:default}} (SUPPRESSED)
[22:33:29] [Render thread/ERROR] [JMLogger] Can't get entityTexture for TranslatableComponent{key='entity.specialmobs.sniperskeleton', args=[], siblings=[], style=Style{ color=null, bold=null, italic=null, underlined=null, strikethrough=null, obfuscated=null, clickEvent=null, hoverEvent=null, insertion=null, font=minecraft:default}} (SUPPRESSED)
[22:33:29] [Render thread/ERROR] [JMLogger] Can't get entityTexture for TranslatableComponent{key='entity.specialmobs.fireskeleton', args=[], siblings=[], style=Style{ color=null, bold=null, italic=null, underlined=null, strikethrough=null, obfuscated=null, clickEvent=null, hoverEvent=null, insertion=null, font=minecraft:default}} (SUPPRESSED)
[22:33:29] [Render thread/ERROR] [JMLogger] Can't get entityTexture for TranslatableComponent{key='entity.specialmobs.firecavespider', args=[], siblings=[], style=Style{ color=null, bold=null, italic=null, underlined=null, strikethrough=null, obfuscated=null, clickEvent=null, hoverEvent=null, insertion=null, font=minecraft:default}} (SUPPRESSED)
[22:34:25] [Render thread/ERROR] [JMLogger] Can't get entityTexture for TranslatableComponent{key='entity.specialmobs.bruteskeleton', args=[], siblings=[], style=Style{ color=null, bold=null, italic=null, underlined=null, strikethrough=null, obfuscated=null, clickEvent=null, hoverEvent=null, insertion=null, font=minecraft:default}} (SUPPRESSED)
[22:34:31] [Render thread/ERROR] [JMLogger] Can't get entityTexture for TranslatableComponent{key='entity.specialmobs.drowningcreeper', args=[], siblings=[], style=Style{ color=null, bold=null, italic=null, underlined=null, strikethrough=null, obfuscated=null, clickEvent=null, hoverEvent=null, insertion=null, font=minecraft:default}} (SUPPRESSED)
[22:35:12] [Render thread/ERROR] [JMLogger] Can't get entityTexture for TranslatableComponent{key='entity.alexsmobs.lobster', args=[], siblings=[], style=Style{ color=null, bold=null, italic=null, underlined=null, strikethrough=null, obfuscated=null, clickEvent=null, hoverEvent=null, insertion=null, font=minecraft:default}} (SUPPRESSED)
[22:35:12] [Render thread/ERROR] [JMLogger] Can't get entityTexture for TranslatableComponent{key='entity.goblintraders.goblin_trader', args=[], siblings=[], style=Style{ color=null, bold=null, italic=null, underlined=null, strikethrough=null, obfuscated=null, clickEvent=null, hoverEvent=null, insertion=null, font=minecraft:default}} (SUPPRESSED)
[22:35:12] [Render thread/ERROR] [JMLogger] Can't get entityTexture for TranslatableComponent{key='entity.specialmobs.firezombie', args=[], siblings=[], style=Style{ color=null, bold=null, italic=null, underlined=null, strikethrough=null, obfuscated=null, clickEvent=null, hoverEvent=null, insertion=null, font=minecraft:default}} (SUPPRESSED)
[22:35:12] [Render thread/ERROR] [JMLogger] Can't get entityTexture for TranslatableComponent{key='entity.specialmobs.darkcreeper', args=[], siblings=[], style=Style{ color=null, bold=null, italic=null, underlined=null, strikethrough=null, obfuscated=null, clickEvent=null, hoverEvent=null, insertion=null, font=minecraft:default}} (SUPPRESSED)
[22:35:12] [Render thread/ERROR] [JMLogger] Can't get entityTexture for TranslatableComponent{key='entity.specialmobs.spitfireskeleton', args=[], siblings=[], style=Style{ color=null, bold=null, italic=null, underlined=null, strikethrough=null, obfuscated=null, clickEvent=null, hoverEvent=null, insertion=null, font=minecraft:default}} (SUPPRESSED)
[22:35:12] [Render thread/ERROR] [JMLogger] Can't get entityTexture for TranslatableComponent{key='entity.specialmobs.sniperskeleton', args=[], siblings=[], style=Style{ color=null, bold=null, italic=null, underlined=null, strikethrough=null, obfuscated=null, clickEvent=null, hoverEvent=null, insertion=null, font=minecraft:default}} (SUPPRESSED)
[22:35:12] [Render thread/ERROR] [JMLogger] Can't get entityTexture for TranslatableComponent{key='entity.specialmobs.bruteskeleton', args=[], siblings=[], style=Style{ color=null, bold=null, italic=null, underlined=null, strikethrough=null, obfuscated=null, clickEvent=null, hoverEvent=null, insertion=null, font=minecraft:default}} (SUPPRESSED)
[22:35:18] [Render thread/ERROR] [JMLogger] Can't get entityTexture for TranslatableComponent{key='entity.mysticalworld.clam', args=[], siblings=[], style=Style{ color=null, bold=null, italic=null, underlined=null, strikethrough=null, obfuscated=null, clickEvent=null, hoverEvent=null, insertion=null, font=minecraft:default}} (SUPPRESSED)
[22:36:22] [Render thread/INFO] [JourneymapClient] Mapping halted in C:\Users\juanc\Downloads\mmc-develop-win32\MultiMC\instances\randomsland 1.16.5\.minecraft\journeymap\data\mp\hola_f58bfc78~60a4~4d5e~b308~a7966ed3fbec\minecraft:overworld
[22:38:05] [Render thread/INFO] [MappingMonitorTask] World ID has been reset.
[22:38:05] [Render thread/INFO] [JourneymapClient] World UID is set to: null
[22:39:01] [Netty Client IO #12/INFO] [ForgeConfig] Loading JourneyMap Forge Configs
[22:39:10] [Render thread/INFO] [JourneymapClient] World UID is set to: f58bfc78-60a4-4d5e-b308-a7966ed3fbec
[22:39:11] [Render thread/WARN] [PropertiesBase] core (Initialized) Bad configField entry during updateFrom(): optionsManagerViewed=null
[22:39:12] [Render thread/INFO] [WaypointStore] Loaded 34 waypoints from C:\Users\juanc\Downloads\mmc-develop-win32\MultiMC\instances\randomsland 1.16.5\.minecraft\journeymap\data\mp\hola_f58bfc78~60a4~4d5e~b308~a7966ed3fbec\waypoints
[22:39:12] [Render thread/INFO] [JourneymapClient] Mapping started in C:\Users\juanc\Downloads\mmc-develop-win32\MultiMC\instances\randomsland 1.16.5\.minecraft\journeymap\data\mp\hola_f58bfc78~60a4~4d5e~b308~a7966ed3fbec\overworld. Memory: 4069MB total, 900MB free 
[22:39:20] [Render thread/ERROR] [JMLogger] Can't get entityTexture for TranslatableComponent{key='entity.artifacts.mimic', args=[], siblings=[], style=Style{ color=null, bold=null, italic=null, underlined=null, strikethrough=null, obfuscated=null, clickEvent=null, hoverEvent=null, insertion=null, font=minecraft:default}} (SUPPRESSED)
[22:41:02] [Render thread/INFO] [JourneymapClient] Mapping halted in C:\Users\juanc\Downloads\mmc-develop-win32\MultiMC\instances\randomsland 1.16.5\.minecraft\journeymap\data\mp\hola_f58bfc78~60a4~4d5e~b308~a7966ed3fbec\minecraft:overworld
[22:41:03] [Render thread/INFO] [MappingMonitorTask] World ID has been reset.
[22:41:03] [Render thread/INFO] [JourneymapClient] World UID is set to: null
[22:43:30] [Netty Client IO #13/INFO] [ForgeConfig] Loading JourneyMap Forge Configs
[22:44:26] [Render thread/INFO] [JourneymapClient] World UID is set to: f58bfc78-60a4-4d5e-b308-a7966ed3fbec
[22:44:30] [Render thread/WARN] [PropertiesBase] core (Initialized) Bad configField entry during updateFrom(): optionsManagerViewed=null
[22:44:30] [Render thread/INFO] [WaypointStore] Loaded 34 waypoints from C:\Users\juanc\Downloads\mmc-develop-win32\MultiMC\instances\randomsland 1.16.5\.minecraft\journeymap\data\mp\hola_f58bfc78~60a4~4d5e~b308~a7966ed3fbec\waypoints
[22:44:30] [Render thread/INFO] [JourneymapClient] Mapping started in C:\Users\juanc\Downloads\mmc-develop-win32\MultiMC\instances\randomsland 1.16.5\.minecraft\journeymap\data\mp\hola_f58bfc78~60a4~4d5e~b308~a7966ed3fbec\overworld. Memory: 3912MB total, 900MB free 
[22:44:31] [Render thread/ERROR] [JMLogger] Can't get entityTexture for TranslatableComponent{key='entity.specialmobs.plaguezombie', args=[], siblings=[], style=Style{ color=null, bold=null, italic=null, underlined=null, strikethrough=null, obfuscated=null, clickEvent=null, hoverEvent=null, insertion=null, font=minecraft:default}} (SUPPRESSED)
[22:44:47] [Render thread/ERROR] [JMLogger] Can't get entityTexture for TranslatableComponent{key='entity.alexsmobs.roadrunner', args=[], siblings=[], style=Style{ color=null, bold=null, italic=null, underlined=null, strikethrough=null, obfuscated=null, clickEvent=null, hoverEvent=null, insertion=null, font=minecraft:default}} (SUPPRESSED)
[22:45:04] [Render thread/ERROR] [JMLogger] Can't get entityTexture for TranslatableComponent{key='entity.specialmobs.firespider', args=[], siblings=[], style=Style{ color=null, bold=null, italic=null, underlined=null, strikethrough=null, obfuscated=null, clickEvent=null, hoverEvent=null, insertion=null, font=minecraft:default}} (SUPPRESSED)
[22:45:08] [Render thread/ERROR] [JMLogger] Can't get entityTexture for TranslatableComponent{key='entity.alexsmobs.crow', args=[], siblings=[], style=Style{ color=null, bold=null, italic=null, underlined=null, strikethrough=null, obfuscated=null, clickEvent=null, hoverEvent=null, insertion=null, font=minecraft:default}} (SUPPRESSED)
[22:45:13] [Render thread/INFO] [JourneymapClient] Mapping halted in C:\Users\juanc\Downloads\mmc-develop-win32\MultiMC\instances\randomsland 1.16.5\.minecraft\journeymap\data\mp\hola_f58bfc78~60a4~4d5e~b308~a7966ed3fbec\minecraft:overworld
[22:45:14] [Render thread/WARN] [PropertiesBase] core (Initialized) Bad configField entry during updateFrom(): optionsManagerViewed=null
[22:45:14] [Render thread/INFO] [WaypointStore] Loaded 34 waypoints from C:\Users\juanc\Downloads\mmc-develop-win32\MultiMC\instances\randomsland 1.16.5\.minecraft\journeymap\data\mp\hola_f58bfc78~60a4~4d5e~b308~a7966ed3fbec\waypoints
[22:45:14] [Render thread/INFO] [JourneymapClient] Mapping started in C:\Users\juanc\Downloads\mmc-develop-win32\MultiMC\instances\randomsland 1.16.5\.minecraft\journeymap\data\mp\hola_f58bfc78~60a4~4d5e~b308~a7966ed3fbec\flatroom. Memory: 4049MB total, 1041MB free 
[22:45:22] [JM-task-14/WARN] [BaseRenderer] Bad block at 0,0,0. Total bad blocks: 1
[22:52:54] [Render thread/INFO] [JourneymapClient] Mapping halted in C:\Users\juanc\Downloads\mmc-develop-win32\MultiMC\instances\randomsland 1.16.5\.minecraft\journeymap\data\mp\hola_f58bfc78~60a4~4d5e~b308~a7966ed3fbec\minecraft:flatroom
[22:52:55] [Render thread/WARN] [PropertiesBase] core (Initialized) Bad configField entry during updateFrom(): optionsManagerViewed=null
[22:52:55] [Render thread/INFO] [WaypointStore] Loaded 34 waypoints from C:\Users\juanc\Downloads\mmc-develop-win32\MultiMC\instances\randomsland 1.16.5\.minecraft\journeymap\data\mp\hola_f58bfc78~60a4~4d5e~b308~a7966ed3fbec\waypoints
[22:52:55] [Render thread/INFO] [JourneymapClient] Mapping started in C:\Users\juanc\Downloads\mmc-develop-win32\MultiMC\instances\randomsland 1.16.5\.minecraft\journeymap\data\mp\hola_f58bfc78~60a4~4d5e~b308~a7966ed3fbec\overworld. Memory: 4256MB total, 1245MB free 
[22:53:46] [Render thread/ERROR] [JMLogger] Can't get entityTexture for TranslatableComponent{key='entity.alexsmobs.rattlesnake', args=[], siblings=[], style=Style{ color=null, bold=null, italic=null, underlined=null, strikethrough=null, obfuscated=null, clickEvent=null, hoverEvent=null, insertion=null, font=minecraft:default}} (SUPPRESSED)
[22:54:48] [Render thread/INFO] [JourneymapClient] Mapping halted in C:\Users\juanc\Downloads\mmc-develop-win32\MultiMC\instances\randomsland 1.16.5\.minecraft\journeymap\data\mp\hola_f58bfc78~60a4~4d5e~b308~a7966ed3fbec\minecraft:overworld
[22:54:49] [Render thread/WARN] [PropertiesBase] core (Initialized) Bad configField entry during updateFrom(): optionsManagerViewed=null
[22:54:49] [Render thread/INFO] [WaypointStore] Loaded 34 waypoints from C:\Users\juanc\Downloads\mmc-develop-win32\MultiMC\instances\randomsland 1.16.5\.minecraft\journeymap\data\mp\hola_f58bfc78~60a4~4d5e~b308~a7966ed3fbec\waypoints
[22:54:49] [Render thread/INFO] [JourneymapClient] Mapping started in C:\Users\juanc\Downloads\mmc-develop-win32\MultiMC\instances\randomsland 1.16.5\.minecraft\journeymap\data\mp\hola_f58bfc78~60a4~4d5e~b308~a7966ed3fbec\flatroom. Memory: 4266MB total, 1496MB free 
[22:59:27] [Render thread/INFO] [JourneymapClient] Mapping halted in C:\Users\juanc\Downloads\mmc-develop-win32\MultiMC\instances\randomsland 1.16.5\.minecraft\journeymap\data\mp\hola_f58bfc78~60a4~4d5e~b308~a7966ed3fbec\minecraft:flatroom
[22:59:28] [Render thread/WARN] [PropertiesBase] core (Initialized) Bad configField entry during updateFrom(): optionsManagerViewed=null
[22:59:28] [Render thread/INFO] [WaypointStore] Loaded 34 waypoints from C:\Users\juanc\Downloads\mmc-develop-win32\MultiMC\instances\randomsland 1.16.5\.minecraft\journeymap\data\mp\hola_f58bfc78~60a4~4d5e~b308~a7966ed3fbec\waypoints
[22:59:29] [Render thread/INFO] [JourneymapClient] Mapping started in C:\Users\juanc\Downloads\mmc-develop-win32\MultiMC\instances\randomsland 1.16.5\.minecraft\journeymap\data\mp\hola_f58bfc78~60a4~4d5e~b308~a7966ed3fbec\overworld. Memory: 4272MB total, 1340MB free 
[22:59:29] [Render thread/ERROR] [JMLogger] Can't get entityTexture for TranslatableComponent{key='entity.alexsmobs.fly', args=[], siblings=[], style=Style{ color=null, bold=null, italic=null, underlined=null, strikethrough=null, obfuscated=null, clickEvent=null, hoverEvent=null, insertion=null, font=minecraft:default}} (SUPPRESSED)
[23:00:18] [Render thread/ERROR] [JMLogger] Can't get entityTexture for TranslatableComponent{key='entity.supplementaries.firefly', args=[], siblings=[], style=Style{ color=null, bold=null, italic=null, underlined=null, strikethrough=null, obfuscated=null, clickEvent=null, hoverEvent=null, insertion=null, font=minecraft:default}} (SUPPRESSED)
[23:00:22] [Render thread/ERROR] [JMLogger] Can't get entityTexture for TranslatableComponent{key='entity.specialmobs.brutezombie', args=[], siblings=[], style=Style{ color=null, bold=null, italic=null, underlined=null, strikethrough=null, obfuscated=null, clickEvent=null, hoverEvent=null, insertion=null, font=minecraft:default}} (SUPPRESSED)
[23:00:30] [Render thread/ERROR] [JMLogger] Can't get entityTexture for TranslatableComponent{key='entity.specialmobs.poisonskeleton', args=[], siblings=[], style=Style{ color=null, bold=null, italic=null, underlined=null, strikethrough=null, obfuscated=null, clickEvent=null, hoverEvent=null, insertion=null, font=minecraft:default}} (SUPPRESSED)
[23:00:30] [Render thread/ERROR] [JMLogger] Can't get entityTexture for TranslatableComponent{key='entity.specialmobs.doomcreeper', args=[], siblings=[], style=Style{ color=null, bold=null, italic=null, underlined=null, strikethrough=null, obfuscated=null, clickEvent=null, hoverEvent=null, insertion=null, font=minecraft:default}} (SUPPRESSED)
[23:01:02] [Render thread/ERROR] [JMLogger] Can't get entityTexture for TranslatableComponent{key='entity.specialmobs.hungryzombie', args=[], siblings=[], style=Style{ color=null, bold=null, italic=null, underlined=null, strikethrough=null, obfuscated=null, clickEvent=null, hoverEvent=null, insertion=null, font=minecraft:default}} (SUPPRESSED)
[23:01:02] [Render thread/ERROR] [JMLogger] Can't get entityTexture for TranslatableComponent{key='entity.specialmobs.skeletoncreeper', args=[], siblings=[], style=Style{ color=null, bold=null, italic=null, underlined=null, strikethrough=null, obfuscated=null, clickEvent=null, hoverEvent=null, insertion=null, font=minecraft:default}} (SUPPRESSED)
[23:01:06] [Render thread/ERROR] [JMLogger] Can't get entityTexture for TranslatableComponent{key='entity.specialmobs.plaguezombie', args=[], siblings=[], style=Style{ color=null, bold=null, italic=null, underlined=null, strikethrough=null, obfuscated=null, clickEvent=null, hoverEvent=null, insertion=null, font=minecraft:default}} (SUPPRESSED)
[23:01:10] [Render thread/ERROR] [JMLogger] Can't get entityTexture for TranslatableComponent{key='entity.alexsmobs.fly', args=[], siblings=[], style=Style{ color=null, bold=null, italic=null, underlined=null, strikethrough=null, obfuscated=null, clickEvent=null, hoverEvent=null, insertion=null, font=minecraft:default}} (SUPPRESSED)
[23:01:17] [Render thread/ERROR] [JMLogger] Can't get entityTexture for TranslatableComponent{key='entity.alexsmobs.roadrunner', args=[], siblings=[], style=Style{ color=null, bold=null, italic=null, underlined=null, strikethrough=null, obfuscated=null, clickEvent=null, hoverEvent=null, insertion=null, font=minecraft:default}} (SUPPRESSED)
[23:01:17] [Render thread/ERROR] [JMLogger] Can't get entityTexture for TranslatableComponent{key='entity.specialmobs.desertspider', args=[], siblings=[], style=Style{ color=null, bold=null, italic=null, underlined=null, strikethrough=null, obfuscated=null, clickEvent=null, hoverEvent=null, insertion=null, font=minecraft:default}} (SUPPRESSED)
[23:01:17] [Render thread/ERROR] [JMLogger] Can't get entityTexture for TranslatableComponent{key='entity.specialmobs.dirtcreeper', args=[], siblings=[], style=Style{ color=null, bold=null, italic=null, underlined=null, strikethrough=null, obfuscated=null, clickEvent=null, hoverEvent=null, insertion=null, font=minecraft:default}} (SUPPRESSED)
[23:01:17] [Render thread/ERROR] [JMLogger] Can't get entityTexture for TranslatableComponent{key='entity.specialmobs.runicenderman', args=[], siblings=[], style=Style{ color=null, bold=null, italic=null, underlined=null, strikethrough=null, obfuscated=null, clickEvent=null, hoverEvent=null, insertion=null, font=minecraft:default}} (SUPPRESSED)
[23:01:17] [Render thread/ERROR] [JMLogger] Can't get entityTexture for TranslatableComponent{key='entity.specialmobs.bruteskeleton', args=[], siblings=[], style=Style{ color=null, bold=null, italic=null, underlined=null, strikethrough=null, obfuscated=null, clickEvent=null, hoverEvent=null, insertion=null, font=minecraft:default}} (SUPPRESSED)
[23:01:26] [Render thread/ERROR] [JMLogger] Can't get entityTexture for TranslatableComponent{key='entity.specialmobs.firezombie', args=[], siblings=[], style=Style{ color=null, bold=null, italic=null, underlined=null, strikethrough=null, obfuscated=null, clickEvent=null, hoverEvent=null, insertion=null, font=minecraft:default}} (SUPPRESSED)
[23:01:26] [Render thread/ERROR] [JMLogger] Can't get entityTexture for TranslatableComponent{key='entity.specialmobs.spitfireskeleton', args=[], siblings=[], style=Style{ color=null, bold=null, italic=null, underlined=null, strikethrough=null, obfuscated=null, clickEvent=null, hoverEvent=null, insertion=null, font=minecraft:default}} (SUPPRESSED)
[23:01:30] [Render thread/ERROR] [JMLogger] Can't get entityTexture for TranslatableComponent{key='entity.securitycraft.sentry', args=[], siblings=[], style=Style{ color=null, bold=null, italic=null, underlined=null, strikethrough=null, obfuscated=null, clickEvent=null, hoverEvent=null, insertion=null, font=minecraft:default}} (SUPPRESSED)
[23:01:30] [Render thread/ERROR] [JMLogger] Can't get entityTexture for TranslatableComponent{key='entity.alexsmobs.cockroach', args=[], siblings=[], style=Style{ color=null, bold=null, italic=null, underlined=null, strikethrough=null, obfuscated=null, clickEvent=null, hoverEvent=null, insertion=null, font=minecraft:default}} (SUPPRESSED)
[23:01:39] [Render thread/ERROR] [JMLogger] Can't get entityTexture for TranslatableComponent{key='entity.alexsmobs.lobster', args=[], siblings=[], style=Style{ color=null, bold=null, italic=null, underlined=null, strikethrough=null, obfuscated=null, clickEvent=null, hoverEvent=null, insertion=null, font=minecraft:default}} (SUPPRESSED)
[23:02:13] [Render thread/ERROR] [JMLogger] Can't get entityTexture for TranslatableComponent{key='entity.goblintraders.goblin_trader', args=[], siblings=[], style=Style{ color=null, bold=null, italic=null, underlined=null, strikethrough=null, obfuscated=null, clickEvent=null, hoverEvent=null, insertion=null, font=minecraft:default}} (SUPPRESSED)
[23:02:41] [Render thread/INFO] [StateTickHandler] JuancaDM died at BlockPos{x=1221, y=64, z=-218}. Deathpoints enabled: true. Deathpoint created: true
[23:03:00] [Render thread/ERROR] [JMLogger] Can't get entityTexture for TranslatableComponent{key='entity.cavesandcliffs.axolotl', args=[], siblings=[], style=Style{ color=null, bold=null, italic=null, underlined=null, strikethrough=null, obfuscated=null, clickEvent=null, hoverEvent=null, insertion=null, font=minecraft:default}} (SUPPRESSED)
[23:03:06] [Render thread/ERROR] [JMLogger] Can't get entityTexture for TranslatableComponent{key='entity.specialmobs.fireskeleton', args=[], siblings=[], style=Style{ color=null, bold=null, italic=null, underlined=null, strikethrough=null, obfuscated=null, clickEvent=null, hoverEvent=null, insertion=null, font=minecraft:default}} (SUPPRESSED)
[23:03:59] [Render thread/ERROR] [JMLogger] Can't get entityTexture for TranslatableComponent{key='entity.specialmobs.sandcreeper', args=[], siblings=[], style=Style{ color=null, bold=null, italic=null, underlined=null, strikethrough=null, obfuscated=null, clickEvent=null, hoverEvent=null, insertion=null, font=minecraft:default}} (SUPPRESSED)
[23:04:03] [Render thread/ERROR] [JMLogger] Can't get entityTexture for TranslatableComponent{key='entity.alexsmobs.hammerhead_shark', args=[], siblings=[], style=Style{ color=null, bold=null, italic=null, underlined=null, strikethrough=null, obfuscated=null, clickEvent=null, hoverEvent=null, insertion=null, font=minecraft:default}} (SUPPRESSED)
[23:04:03] [Render thread/ERROR] [JMLogger] Can't get entityTexture for TranslatableComponent{key='entity.specialmobs.drowningcreeper', args=[], siblings=[], style=Style{ color=null, bold=null, italic=null, underlined=null, strikethrough=null, obfuscated=null, clickEvent=null, hoverEvent=null, insertion=null, font=minecraft:default}} (SUPPRESSED)
[23:04:08] [Render thread/ERROR] [JMLogger] Can't get entityTexture for TranslatableComponent{key='entity.alexsmobs.mimic_octopus', args=[], siblings=[], style=Style{ color=null, bold=null, italic=null, underlined=null, strikethrough=null, obfuscated=null, clickEvent=null, hoverEvent=null, insertion=null, font=minecraft:default}} (SUPPRESSED)
[23:04:08] [Render thread/ERROR] [JMLogger] Can't get entityTexture for TranslatableComponent{key='entity.alexsmobs.mantis_shrimp', args=[], siblings=[], style=Style{ color=null, bold=null, italic=null, underlined=null, strikethrough=null, obfuscated=null, clickEvent=null, hoverEvent=null, insertion=null, font=minecraft:default}} (SUPPRESSED)
[23:04:21] [Render thread/ERROR] [JMLogger] Can't get entityTexture for TranslatableComponent{key='entity.cavesandcliffs.glow_squid', args=[], siblings=[], style=Style{ color=null, bold=null, italic=null, underlined=null, strikethrough=null, obfuscated=null, clickEvent=null, hoverEvent=null, insertion=null, font=minecraft:default}} (SUPPRESSED)
[23:04:21] [Render thread/ERROR] [JMLogger] Can't get entityTexture for TranslatableComponent{key='entity.specialmobs.watercavespider', args=[], siblings=[], style=Style{ color=null, bold=null, italic=null, underlined=null, strikethrough=null, obfuscated=null, clickEvent=null, hoverEvent=null, insertion=null, font=minecraft:default}} (SUPPRESSED)
[23:04:21] [Render thread/ERROR] [JMLogger] Can't get entityTexture for TranslatableComponent{key='entity.specialmobs.mothercavespider', args=[], siblings=[], style=Style{ color=null, bold=null, italic=null, underlined=null, strikethrough=null, obfuscated=null, clickEvent=null, hoverEvent=null, insertion=null, font=minecraft:default}} (SUPPRESSED)
[23:04:38] [Render thread/INFO] [JourneymapClient] Mapping halted in C:\Users\juanc\Downloads\mmc-develop-win32\MultiMC\instances\randomsland 1.16.5\.minecraft\journeymap\data\mp\hola_f58bfc78~60a4~4d5e~b308~a7966ed3fbec\minecraft:overworld
[23:04:39] [Render thread/WARN] [PropertiesBase] core (Initialized) Bad configField entry during updateFrom(): optionsManagerViewed=null
[23:04:39] [Render thread/INFO] [WaypointStore] Loaded 35 waypoints from C:\Users\juanc\Downloads\mmc-develop-win32\MultiMC\instances\randomsland 1.16.5\.minecraft\journeymap\data\mp\hola_f58bfc78~60a4~4d5e~b308~a7966ed3fbec\waypoints
[23:04:39] [Render thread/INFO] [JourneymapClient] Mapping started in C:\Users\juanc\Downloads\mmc-develop-win32\MultiMC\instances\randomsland 1.16.5\.minecraft\journeymap\data\mp\hola_f58bfc78~60a4~4d5e~b308~a7966ed3fbec\flatroom. Memory: 4248MB total, 1520MB free 
[23:11:00] [Render thread/INFO] [JourneymapClient] Mapping halted in C:\Users\juanc\Downloads\mmc-develop-win32\MultiMC\instances\randomsland 1.16.5\.minecraft\journeymap\data\mp\hola_f58bfc78~60a4~4d5e~b308~a7966ed3fbec\minecraft:flatroom
[23:11:00] [JM-task-19/WARN] [TaskBatch] TaskBatch thread interrupted: journeymap.client.task.multi.MapPlayerTask$MapPlayerTaskBatch@245c28e5
[00:17:07] [Render thread/INFO] [MappingMonitorTask] World ID has been reset.
[00:17:07] [Render thread/INFO] [JourneymapClient] World UID is set to: null
[00:17:11] [Netty Client IO #14/INFO] [ForgeConfig] Loading JourneyMap Forge Configs
[00:18:45] [Render thread/INFO] [JourneymapClient] World UID is set to: f58bfc78-60a4-4d5e-b308-a7966ed3fbec
[00:18:48] [Render thread/WARN] [PropertiesBase] core (Initialized) Bad configField entry during updateFrom(): optionsManagerViewed=null
[00:18:49] [Render thread/INFO] [WaypointStore] Loaded 35 waypoints from C:\Users\juanc\Downloads\mmc-develop-win32\MultiMC\instances\randomsland 1.16.5\.minecraft\journeymap\data\mp\hola_f58bfc78~60a4~4d5e~b308~a7966ed3fbec\waypoints
[00:18:49] [Render thread/INFO] [JourneymapClient] Mapping started in C:\Users\juanc\Downloads\mmc-develop-win32\MultiMC\instances\randomsland 1.16.5\.minecraft\journeymap\data\mp\hola_f58bfc78~60a4~4d5e~b308~a7966ed3fbec\overworld. Memory: 4251MB total, 899MB free 
[00:19:05] [Render thread/ERROR] [JMLogger] Can't get entityTexture for TranslatableComponent{key='entity.mysticalworld.clam', args=[], siblings=[], style=Style{ color=null, bold=null, italic=null, underlined=null, strikethrough=null, obfuscated=null, clickEvent=null, hoverEvent=null, insertion=null, font=minecraft:default}} (SUPPRESSED)
[00:19:33] [Render thread/INFO] [JourneymapClient] Mapping halted in C:\Users\juanc\Downloads\mmc-develop-win32\MultiMC\instances\randomsland 1.16.5\.minecraft\journeymap\data\mp\hola_f58bfc78~60a4~4d5e~b308~a7966ed3fbec\minecraft:overworld
[00:19:34] [Render thread/WARN] [PropertiesBase] core (Initialized) Bad configField entry during updateFrom(): optionsManagerViewed=null
[00:19:34] [Render thread/INFO] [WaypointStore] Loaded 35 waypoints from C:\Users\juanc\Downloads\mmc-develop-win32\MultiMC\instances\randomsland 1.16.5\.minecraft\journeymap\data\mp\hola_f58bfc78~60a4~4d5e~b308~a7966ed3fbec\waypoints
[00:19:34] [Render thread/INFO] [JourneymapClient] Mapping started in C:\Users\juanc\Downloads\mmc-develop-win32\MultiMC\instances\randomsland 1.16.5\.minecraft\journeymap\data\mp\hola_f58bfc78~60a4~4d5e~b308~a7966ed3fbec\the_nether. Memory: 4175MB total, 1007MB free 
[00:19:48] [Render thread/INFO] [JourneymapClient] Mapping halted in C:\Users\juanc\Downloads\mmc-develop-win32\MultiMC\instances\randomsland 1.16.5\.minecraft\journeymap\data\mp\hola_f58bfc78~60a4~4d5e~b308~a7966ed3fbec\minecraft:the_nether
[00:19:49] [Render thread/WARN] [PropertiesBase] core (Initialized) Bad configField entry during updateFrom(): optionsManagerViewed=null
[00:19:49] [Render thread/INFO] [WaypointStore] Loaded 35 waypoints from C:\Users\juanc\Downloads\mmc-develop-win32\MultiMC\instances\randomsland 1.16.5\.minecraft\journeymap\data\mp\hola_f58bfc78~60a4~4d5e~b308~a7966ed3fbec\waypoints
[00:19:49] [Render thread/INFO] [JourneymapClient] Mapping started in C:\Users\juanc\Downloads\mmc-develop-win32\MultiMC\instances\randomsland 1.16.5\.minecraft\journeymap\data\mp\hola_f58bfc78~60a4~4d5e~b308~a7966ed3fbec\overworld. Memory: 4182MB total, 780MB free 
[00:20:06] [Render thread/INFO] [JourneymapClient] Mapping halted in C:\Users\juanc\Downloads\mmc-develop-win32\MultiMC\instances\randomsland 1.16.5\.minecraft\journeymap\data\mp\hola_f58bfc78~60a4~4d5e~b308~a7966ed3fbec\minecraft:overworld
[00:20:06] [Render thread/WARN] [PropertiesBase] core (Initialized) Bad configField entry during updateFrom(): optionsManagerViewed=null
[00:20:06] [Render thread/INFO] [WaypointStore] Loaded 35 waypoints from C:\Users\juanc\Downloads\mmc-develop-win32\MultiMC\instances\randomsland 1.16.5\.minecraft\journeymap\data\mp\hola_f58bfc78~60a4~4d5e~b308~a7966ed3fbec\waypoints
[00:20:06] [Render thread/INFO] [JourneymapClient] Mapping started in C:\Users\juanc\Downloads\mmc-develop-win32\MultiMC\instances\randomsland 1.16.5\.minecraft\journeymap\data\mp\hola_f58bfc78~60a4~4d5e~b308~a7966ed3fbec\eselmundo. Memory: 4189MB total, 1434MB free 
[00:21:34] [Render thread/INFO] [JourneymapClient] Mapping halted in C:\Users\juanc\Downloads\mmc-develop-win32\MultiMC\instances\randomsland 1.16.5\.minecraft\journeymap\data\mp\hola_f58bfc78~60a4~4d5e~b308~a7966ed3fbec\minecraft:eselmundo
[00:21:35] [Render thread/WARN] [PropertiesBase] core (Initialized) Bad configField entry during updateFrom(): optionsManagerViewed=null
[00:21:35] [Render thread/INFO] [WaypointStore] Loaded 35 waypoints from C:\Users\juanc\Downloads\mmc-develop-win32\MultiMC\instances\randomsland 1.16.5\.minecraft\journeymap\data\mp\hola_f58bfc78~60a4~4d5e~b308~a7966ed3fbec\waypoints
[00:21:35] [Render thread/INFO] [JourneymapClient] Mapping started in C:\Users\juanc\Downloads\mmc-develop-win32\MultiMC\instances\randomsland 1.16.5\.minecraft\journeymap\data\mp\hola_f58bfc78~60a4~4d5e~b308~a7966ed3fbec\flatroom. Memory: 4177MB total, 604MB free 
[00:22:09] [Render thread/INFO] [JourneymapClient] Mapping halted in C:\Users\juanc\Downloads\mmc-develop-win32\MultiMC\instances\randomsland 1.16.5\.minecraft\journeymap\data\mp\hola_f58bfc78~60a4~4d5e~b308~a7966ed3fbec\minecraft:flatroom
[00:22:10] [Render thread/WARN] [PropertiesBase] core (Initialized) Bad configField entry during updateFrom(): optionsManagerViewed=null
[00:22:10] [Render thread/INFO] [WaypointStore] Loaded 35 waypoints from C:\Users\juanc\Downloads\mmc-develop-win32\MultiMC\instances\randomsland 1.16.5\.minecraft\journeymap\data\mp\hola_f58bfc78~60a4~4d5e~b308~a7966ed3fbec\waypoints
[00:22:10] [Render thread/INFO] [JourneymapClient] Mapping started in C:\Users\juanc\Downloads\mmc-develop-win32\MultiMC\instances\randomsland 1.16.5\.minecraft\journeymap\data\mp\hola_f58bfc78~60a4~4d5e~b308~a7966ed3fbec\overworld. Memory: 4189MB total, 1228MB free 
[00:22:17] [Render thread/ERROR] [JMLogger] Can't get entityTexture for TranslatableComponent{key='entity.specialmobs.jumpingcreeper', args=[], siblings=[], style=Style{ color=null, bold=null, italic=null, underlined=null, strikethrough=null, obfuscated=null, clickEvent=null, hoverEvent=null, insertion=null, font=minecraft:default}} (SUPPRESSED)
[00:22:17] [Render thread/ERROR] [JMLogger] Can't get entityTexture for TranslatableComponent{key='entity.specialmobs.firespider', args=[], siblings=[], style=Style{ color=null, bold=null, italic=null, underlined=null, strikethrough=null, obfuscated=null, clickEvent=null, hoverEvent=null, insertion=null, font=minecraft:default}} (SUPPRESSED)
[00:22:21] [Render thread/ERROR] [JMLogger] Can't get entityTexture for TranslatableComponent{key='entity.alexsmobs.crow', args=[], siblings=[], style=Style{ color=null, bold=null, italic=null, underlined=null, strikethrough=null, obfuscated=null, clickEvent=null, hoverEvent=null, insertion=null, font=minecraft:default}} (SUPPRESSED)
[00:22:21] [Render thread/ERROR] [JMLogger] Can't get entityTexture for TranslatableComponent{key='entity.specialmobs.madscientistzombie', args=[], siblings=[], style=Style{ color=null, bold=null, italic=null, underlined=null, strikethrough=null, obfuscated=null, clickEvent=null, hoverEvent=null, insertion=null, font=minecraft:default}} (SUPPRESSED)
[00:22:21] [Render thread/ERROR] [JMLogger] Can't get entityTexture for TranslatableComponent{key='entity.specialmobs.gravelcreeper', args=[], siblings=[], style=Style{ color=null, bold=null, italic=null, underlined=null, strikethrough=null, obfuscated=null, clickEvent=null, hoverEvent=null, insertion=null, font=minecraft:default}} (SUPPRESSED)
[00:22:29] [Render thread/ERROR] [JMLogger] Can't get entityTexture for TranslatableComponent{key='entity.alexsmobs.raccoon', args=[], siblings=[], style=Style{ color=null, bold=null, italic=null, underlined=null, strikethrough=null, obfuscated=null, clickEvent=null, hoverEvent=null, insertion=null, font=minecraft:default}} (SUPPRESSED)
[00:22:29] [Render thread/ERROR] [JMLogger] Can't get entityTexture for TranslatableComponent{key='entity.specialmobs.darkcreeper', args=[], siblings=[], style=Style{ color=null, bold=null, italic=null, underlined=null, strikethrough=null, obfuscated=null, clickEvent=null, hoverEvent=null, insertion=null, font=minecraft:default}} (SUPPRESSED)
[00:22:29] [Render thread/ERROR] [JMLogger] Can't get entityTexture for TranslatableComponent{key='entity.specialmobs.lightningcreeper', args=[], siblings=[], style=Style{ color=null, bold=null, italic=null, underlined=null, strikethrough=null, obfuscated=null, clickEvent=null, hoverEvent=null, insertion=null, font=minecraft:default}} (SUPPRESSED)
[00:22:34] [Render thread/ERROR] [JMLogger] Can't get entityTexture for TranslatableComponent{key='entity.mysticalworld.deer', args=[], siblings=[], style=Style{ color=null, bold=null, italic=null, underlined=null, strikethrough=null, obfuscated=null, clickEvent=null, hoverEvent=null, insertion=null, font=minecraft:default}} (SUPPRESSED)
[00:22:41] [Render thread/ERROR] [JMLogger] Can't get entityTexture for TranslatableComponent{key='entity.specialmobs.weatheredskeleton', args=[], siblings=[], style=Style{ color=null, bold=null, italic=null, underlined=null, strikethrough=null, obfuscated=null, clickEvent=null, hoverEvent=null, insertion=null, font=minecraft:default}} (SUPPRESSED)
[00:24:26] [Render thread/INFO] [JourneymapClient] Mapping halted in C:\Users\juanc\Downloads\mmc-develop-win32\MultiMC\instances\randomsland 1.16.5\.minecraft\journeymap\data\mp\hola_f58bfc78~60a4~4d5e~b308~a7966ed3fbec\minecraft:overworld
